Using pre-set license
Built from '2020.3/staging' branch; Version is '2020.3.13f1 (71691879b7f5) revision 7432472'; Using compiler version '192528614'; Build Type 'Release'
OS: 'Windows 10 Home Single Language; OS build 19042.1237; Version 2009; 64bit' Language: 'es' Physical Memory: 16178 MB
BatchMode: 1, IsHumanControllingUs: 0, StartBugReporterOnCrash: 0, Is64bit: 1, IsPro: 0

 COMMAND LINE ARGUMENTS:
D:\Unity\2020.3.13f1\Editor\Unity.exe
-adb2
-batchMode
-noUpm
-name
AssetImportWorker0
-projectPath
D:/ProgramasUnity_2021_3/DERV_G_Unidad_2_Progs
-logFile
Logs/AssetImportWorker0.log
-srvPort
65277
Successfully changed project path to: D:/ProgramasUnity_2021_3/DERV_G_Unidad_2_Progs
D:/ProgramasUnity_2021_3/DERV_G_Unidad_2_Progs
Using Asset Import Pipeline V2.
Refreshing native plugins compatible for Editor in 30.98 ms, found 2 plugins.
Preloading 0 native plugins for Editor in 0.00 ms.
Initialize engine version: 2020.3.13f1 (71691879b7f5)
[Subsystems] Discovering subsystems at path D:/Unity/2020.3.13f1/Editor/Data/Resources/UnitySubsystems
[Subsystems] Discovering subsystems at path D:/ProgramasUnity_2021_3/DERV_G_Unidad_2_Progs/Assets
GfxDevice: creating device client; threaded=0
Direct3D:
    Version:  Direct3D 11.0 [level 11.1]
    Renderer: NVIDIA GeForce GTX 1050 Ti (ID=0x1c8c)
    Vendor:   
    VRAM:     4018 MB
    Driver:   27.21.14.6231
Initialize mono
Mono path[0] = 'D:/Unity/2020.3.13f1/Editor/Data/Managed'
Mono path[1] = 'D:/Unity/2020.3.13f1/Editor/Data/MonoBleedingEdge/lib/mono/unityjit'
Mono config path = 'D:/Unity/2020.3.13f1/Editor/Data/MonoBleedingEdge/etc'
Using monoOptions --debugger-agent=transport=dt_socket,embedding=1,server=y,suspend=n,address=127.0.0.1:56452
Begin MonoManager ReloadAssembly
Registering precompiled unity dll's ...
Register platform support module: D:/Unity/2020.3.13f1/Editor/Data/PlaybackEngines/WebGLSupport/UnityEditor.WebGL.Extensions.dll
Register platform support module: D:/Unity/2020.3.13f1/Editor/Data/PlaybackEngines/WindowsStandaloneSupport/UnityEditor.WindowsStandalone.Extensions.dll
Registered in 0.001241 seconds.
Native extension for WindowsStandalone target not found
Native extension for WebGL target not found
Refreshing native plugins compatible for Editor in 28.55 ms, found 2 plugins.
Preloading 0 native plugins for Editor in 0.00 ms.
Mono: successfully reloaded assembly
- Completed reload, in  0.961 seconds
Platform modules already initialized, skipping
Registering precompiled user dll's ...
Registered in 0.003015 seconds.
Begin MonoManager ReloadAssembly
Native extension for WindowsStandalone target not found
Native extension for WebGL target not found
Refreshing native plugins compatible for Editor in 0.28 ms, found 2 plugins.
Preloading 0 native plugins for Editor in 0.00 ms.
Mono: successfully reloaded assembly
- Completed reload, in  0.986 seconds
Platform modules already initialized, skipping
========================================================================
Worker process is ready to serve import requests
Launched and connected shader compiler UnityShaderCompiler.exe after 0.05 seconds
Refreshing native plugins compatible for Editor in 0.47 ms, found 2 plugins.
Preloading 0 native plugins for Editor in 0.00 ms.
Unloading 1390 Unused Serialized files (Serialized files now loaded: 0)
System memory in use before: 64.7 MB.
System memory in use after: 64.8 MB.

Unloading 19 unused Assets to reduce memory usage. Loaded Objects now: 1823.
Total: 1.788400 ms (FindLiveObjects: 0.117300 ms CreateObjectMapping: 0.033700 ms MarkObjects: 1.567900 ms  DeleteObjects: 0.068500 ms)

AssetImportParameters requested are different than current active one (requested -> active):
  custom:framework-win-MediaFoundation: 216162199b28c13a410421893ffa2e32 -> 
  custom:video-decoder-ogg-theora: a1e56fd34408186e4bbccfd4996cb3dc -> 
  custom:container-muxer-webm: aa71ff27fc2769a1b78a27578f13a17b -> 
  custom:container-demuxer-webm: 4f35f7cbe854078d1ac9338744f61a02 -> 
  custom:container-demuxer-ogg: 62fdf1f143b41e24485cea50d1cbac27 -> 
  custom:video-encoder-webm-vp8: eb34c28f22e8b96e1ab97ce403110664 -> 
  custom:video-codec-MediaFoundation-h265: 746d11721c4dcdbdad8f713fa42b33f4 -> 
  custom:video-decoder-webm-vp8: 9c59270c3fd7afecdb556c50c9e8de78 -> 
  custom:audio-decoder-ogg-vorbis: bf7c407c2cedff20999df2af8eb42d56 -> 
  custom:audio-encoder-webm-vorbis: bf7c407c2cedff20999df2af8eb42d56 -> 
========================================================================
Received Import Request.
  path: Assets/Scenes
  artifactKey: Guid(1da02695067f46940937b140401e1c86) Importer(815301076,1909f56bfc062723c751e8b465ee728b)
Start importing Assets/Scenes using Guid(1da02695067f46940937b140401e1c86) Importer(815301076,1909f56bfc062723c751e8b465ee728b)  -> (artifact id: '3fc8d2a1ed872eb454a16c8207aa5dce') in 0.008234 seconds 
  Import took 0.110385 seconds .

========================================================================
Received Import Request.
  Time since last request: 0.298923 seconds.
  path: Assets/Scenes/SampleScene.unity
  artifactKey: Guid(9fc0d4010bbf28b4594072e72b8655ab) Importer(815301076,1909f56bfc062723c751e8b465ee728b)
Start importing Assets/Scenes/SampleScene.unity using Guid(9fc0d4010bbf28b4594072e72b8655ab) Importer(815301076,1909f56bfc062723c751e8b465ee728b)  -> (artifact id: '85059f4f9e1a832ed95adaa0d25c5c4c') in 0.017443 seconds 
  Import took 0.064855 seconds .

========================================================================
Received Import Request.
  Time since last request: 18.560107 seconds.
  path: Assets/Materials
  artifactKey: Guid(e5d0dcfda05137442a0e2ae1038e6a32) Importer(815301076,1909f56bfc062723c751e8b465ee728b)
Start importing Assets/Materials using Guid(e5d0dcfda05137442a0e2ae1038e6a32) Importer(815301076,1909f56bfc062723c751e8b465ee728b)  -> (artifact id: '99287beb34dc9e946e9af2957a27c1e5') in 0.008041 seconds 
  Import took 0.013730 seconds .

========================================================================
Received Import Request.
  Time since last request: 5.752827 seconds.
  path: Assets/Scripts
  artifactKey: Guid(5ae1d0a6ff8d6324eb89bc0ff5d5b172) Importer(815301076,1909f56bfc062723c751e8b465ee728b)
Start importing Assets/Scripts using Guid(5ae1d0a6ff8d6324eb89bc0ff5d5b172) Importer(815301076,1909f56bfc062723c751e8b465ee728b)  -> (artifact id: '547f3f8c3d0ca0b7cbde9a45451f4a16') in 0.007332 seconds 
  Import took 0.020218 seconds .

========================================================================
Received Import Request.
  Time since last request: 0.001228 seconds.
  path: Assets/Scripts
  artifactKey: Guid(5ae1d0a6ff8d6324eb89bc0ff5d5b172) Importer(815301076,1909f56bfc062723c751e8b465ee728b)
Start importing Assets/Scripts using Guid(5ae1d0a6ff8d6324eb89bc0ff5d5b172) Importer(815301076,1909f56bfc062723c751e8b465ee728b)  -> (artifact id: '547f3f8c3d0ca0b7cbde9a45451f4a16') in 0.002371 seconds 
  Import took 0.005742 seconds .

========================================================================
Received Import Request.
  Time since last request: 7.105628 seconds.
  path: Assets/Prefabs
  artifactKey: Guid(3ec4a514e3d8070479d33993c6110174) Importer(815301076,1909f56bfc062723c751e8b465ee728b)
Start importing Assets/Prefabs using Guid(3ec4a514e3d8070479d33993c6110174) Importer(815301076,1909f56bfc062723c751e8b465ee728b)  -> (artifact id: '3f14d843f98fc67393dab07ef2297ac6') in 0.005638 seconds 
  Import took 0.010424 seconds .

========================================================================
Received Import Request.
  Time since last request: 0.000644 seconds.
  path: Assets/Prefabs
  artifactKey: Guid(3ec4a514e3d8070479d33993c6110174) Importer(815301076,1909f56bfc062723c751e8b465ee728b)
Start importing Assets/Prefabs using Guid(3ec4a514e3d8070479d33993c6110174) Importer(815301076,1909f56bfc062723c751e8b465ee728b)  -> (artifact id: '3f14d843f98fc67393dab07ef2297ac6') in 0.002118 seconds 
  Import took 0.004603 seconds .

========================================================================
Received Import Request.
  Time since last request: 23.747965 seconds.
  path: Assets/Materials/ColorCubo.mat
  artifactKey: Guid(6d042239641b328469beb196d88a4e37) Importer(815301076,1909f56bfc062723c751e8b465ee728b)
Start importing Assets/Materials/ColorCubo.mat using Guid(6d042239641b328469beb196d88a4e37) Importer(815301076,1909f56bfc062723c751e8b465ee728b)  -> (artifact id: 'a2e798a8bbcf06a93eb5229a6f750232') in 0.475336 seconds 
  Import took 0.498787 seconds .

========================================================================
Received Import Request.
  Time since last request: 0.000319 seconds.
  path: Assets/Materials/ColorEnemigo.mat
  artifactKey: Guid(fc32c66341650064a9168b8db924c338) Importer(815301076,1909f56bfc062723c751e8b465ee728b)
Start importing Assets/Materials/ColorEnemigo.mat using Guid(fc32c66341650064a9168b8db924c338) Importer(815301076,1909f56bfc062723c751e8b465ee728b)  -> (artifact id: 'b4d7d14e520903cf6258a0e25cad43c5') in 0.011768 seconds 
  Import took 0.035878 seconds .

========================================================================
Received Import Request.
  Time since last request: 0.000288 seconds.
  path: Assets/Materials/ColorTerreno.mat
  artifactKey: Guid(a3f8725ad50fe5f46aac861488068db5) Importer(815301076,1909f56bfc062723c751e8b465ee728b)
Start importing Assets/Materials/ColorTerreno.mat using Guid(a3f8725ad50fe5f46aac861488068db5) Importer(815301076,1909f56bfc062723c751e8b465ee728b)  -> (artifact id: '504f8300adf4b88774e860d3a8037118') in 0.044905 seconds 
  Import took 0.075323 seconds .

========================================================================
Received Import Request.
  Time since last request: 0.002969 seconds.
  path: Assets/Materials/ColorTerreno.mat
  artifactKey: Guid(a3f8725ad50fe5f46aac861488068db5) Importer(815301076,1909f56bfc062723c751e8b465ee728b)
Start importing Assets/Materials/ColorTerreno.mat using Guid(a3f8725ad50fe5f46aac861488068db5) Importer(815301076,1909f56bfc062723c751e8b465ee728b)  -> (artifact id: '504f8300adf4b88774e860d3a8037118') in 0.013809 seconds 
  Import took 0.016416 seconds .

========================================================================
Received Prepare
Registering precompiled user dll's ...
Registered in 0.002517 seconds.
Begin MonoManager ReloadAssembly
Native extension for WindowsStandalone target not found
Native extension for WebGL target not found
Refreshing native plugins compatible for Editor in 0.28 ms, found 2 plugins.
Preloading 0 native plugins for Editor in 0.00 ms.
Mono: successfully reloaded assembly
- Completed reload, in  0.915 seconds
Platform modules already initialized, skipping
Refreshing native plugins compatible for Editor in 0.28 ms, found 2 plugins.
Preloading 0 native plugins for Editor in 0.00 ms.
Unloading 1395 Unused Serialized files (Serialized files now loaded: 0)
System memory in use before: 68.2 MB.
System memory in use after: 68.3 MB.

Unloading 14 unused Assets to reduce memory usage. Loaded Objects now: 1876.
Total: 2.271000 ms (FindLiveObjects: 0.149400 ms CreateObjectMapping: 0.034900 ms MarkObjects: 2.030300 ms  DeleteObjects: 0.055400 ms)

AssetImportParameters requested are different than current active one (requested -> active):
  custom:framework-win-MediaFoundation: 216162199b28c13a410421893ffa2e32 -> 
  custom:video-decoder-ogg-theora: a1e56fd34408186e4bbccfd4996cb3dc -> 
  custom:container-muxer-webm: aa71ff27fc2769a1b78a27578f13a17b -> 
  custom:container-demuxer-webm: 4f35f7cbe854078d1ac9338744f61a02 -> 
  custom:container-demuxer-ogg: 62fdf1f143b41e24485cea50d1cbac27 -> 
  custom:video-encoder-webm-vp8: eb34c28f22e8b96e1ab97ce403110664 -> 
  custom:video-codec-MediaFoundation-h265: 746d11721c4dcdbdad8f713fa42b33f4 -> 
  custom:video-decoder-webm-vp8: 9c59270c3fd7afecdb556c50c9e8de78 -> 
  custom:audio-decoder-ogg-vorbis: bf7c407c2cedff20999df2af8eb42d56 -> 
  custom:audio-encoder-webm-vorbis: bf7c407c2cedff20999df2af8eb42d56 -> 
========================================================================
Received Import Request.
  Time since last request: 193.737877 seconds.
  path: Assets/Scenes/Fuerzas_Ex.unity
  artifactKey: Guid(30ded5ad2adf9a044bc4fa35d3a811cd) Importer(815301076,1909f56bfc062723c751e8b465ee728b)
Start importing Assets/Scenes/Fuerzas_Ex.unity using Guid(30ded5ad2adf9a044bc4fa35d3a811cd) Importer(815301076,1909f56bfc062723c751e8b465ee728b)  -> (artifact id: '92229c7a28262d85098879904eb51591') in 0.022520 seconds 
  Import took 0.062905 seconds .

========================================================================
Received Import Request.
  Time since last request: 6.314082 seconds.
  path: Assets/Scenes/EnemigoFurioso.unity
  artifactKey: Guid(c4a71e331412f6e4592879afbcbcab3e) Importer(815301076,1909f56bfc062723c751e8b465ee728b)
Start importing Assets/Scenes/EnemigoFurioso.unity using Guid(c4a71e331412f6e4592879afbcbcab3e) Importer(815301076,1909f56bfc062723c751e8b465ee728b)  -> (artifact id: 'ec4bc0089063b2287d6b55d1a986cb98') in 0.007000 seconds 
  Import took 0.009565 seconds .

========================================================================
Received Import Request.
  Time since last request: 1.261518 seconds.
  path: Assets/Scenes/LookAt_Ex.unity
  artifactKey: Guid(81a5ec88f7e3f0c4abdb9167a1971cfa) Importer(815301076,1909f56bfc062723c751e8b465ee728b)
Start importing Assets/Scenes/LookAt_Ex.unity using Guid(81a5ec88f7e3f0c4abdb9167a1971cfa) Importer(815301076,1909f56bfc062723c751e8b465ee728b)  -> (artifact id: '297a597bf242110e12e0a70005d45005') in 0.007131 seconds 
  Import took 0.009671 seconds .

========================================================================
Received Import Request.
  Time since last request: 0.672319 seconds.
  path: Assets/Scenes/MovCamara_Ex.unity
  artifactKey: Guid(fa2afce7c2582de499a69aac87fbbf02) Importer(815301076,1909f56bfc062723c751e8b465ee728b)
Start importing Assets/Scenes/MovCamara_Ex.unity using Guid(fa2afce7c2582de499a69aac87fbbf02) Importer(815301076,1909f56bfc062723c751e8b465ee728b)  -> (artifact id: 'e932532d9bbaad67eeebfb1ee373bbf7') in 0.007236 seconds 
  Import took 0.031476 seconds .

========================================================================
Received Import Request.
  Time since last request: 0.888575 seconds.
  path: Assets/Scenes/Movimiento_Fuerzas.unity
  artifactKey: Guid(b47e022c272ba9d439214d9eaf8979bb) Importer(815301076,1909f56bfc062723c751e8b465ee728b)
Start importing Assets/Scenes/Movimiento_Fuerzas.unity using Guid(b47e022c272ba9d439214d9eaf8979bb) Importer(815301076,1909f56bfc062723c751e8b465ee728b)  -> (artifact id: '5f5e6f85d6c16c82e78a03545832db40') in 0.007923 seconds 
  Import took 0.010710 seconds .

========================================================================
Received Import Request.
  Time since last request: 0.879805 seconds.
  path: Assets/Scenes/Pivote_EX.unity
  artifactKey: Guid(f7194dce3537f7e48a6bddd8df81342c) Importer(815301076,1909f56bfc062723c751e8b465ee728b)
Start importing Assets/Scenes/Pivote_EX.unity using Guid(f7194dce3537f7e48a6bddd8df81342c) Importer(815301076,1909f56bfc062723c751e8b465ee728b)  -> (artifact id: '58412b04bb621b2f52b7b0f4ea5fbbff') in 0.009895 seconds 
  Import took 0.052807 seconds .

========================================================================
Received Import Request.
  Time since last request: 0.711764 seconds.
  path: Assets/Scenes/RayCaster_Ex.unity
  artifactKey: Guid(033816d1bdb1ba2428340824794733d2) Importer(815301076,1909f56bfc062723c751e8b465ee728b)
Start importing Assets/Scenes/RayCaster_Ex.unity using Guid(033816d1bdb1ba2428340824794733d2) Importer(815301076,1909f56bfc062723c751e8b465ee728b)  -> (artifact id: 'fb06d5db733b443efdc856a62ce45bd5') in 0.007448 seconds 
  Import took 0.027540 seconds .

========================================================================
Received Import Request.
  Time since last request: 168.711478 seconds.
  path: Assets/Scenes/Fuerzas_Ex.unity
  artifactKey: Guid(30ded5ad2adf9a044bc4fa35d3a811cd) Importer(815301076,1909f56bfc062723c751e8b465ee728b)
Start importing Assets/Scenes/Fuerzas_Ex.unity using Guid(30ded5ad2adf9a044bc4fa35d3a811cd) Importer(815301076,1909f56bfc062723c751e8b465ee728b)  -> (artifact id: '3deff95fea7c5f838b9a6ce22922ffb0') in 0.002668 seconds 
  Import took 0.005369 seconds .

========================================================================
Received Import Request.
  Time since last request: 148.427559 seconds.
  path: Assets/Prefabs/Plane.prefab
  artifactKey: Guid(f5344e8853e980d4aafdf5da9a91331f) Importer(815301076,1909f56bfc062723c751e8b465ee728b)
Start importing Assets/Prefabs/Plane.prefab using Guid(f5344e8853e980d4aafdf5da9a91331f) Importer(815301076,1909f56bfc062723c751e8b465ee728b)  -> (artifact id: '33012135788285df3c3597bd9413c6c2') in 0.092961 seconds 
  Import took 0.154749 seconds .

========================================================================
Received Import Request.
  Time since last request: 207.765292 seconds.
  path: Assets/Materials/NewColorPLane.mat
  artifactKey: Guid(b26bac5664a59154a8c2296764aed3c8) Importer(815301076,1909f56bfc062723c751e8b465ee728b)
Start importing Assets/Materials/NewColorPLane.mat using Guid(b26bac5664a59154a8c2296764aed3c8) Importer(815301076,1909f56bfc062723c751e8b465ee728b)  -> (artifact id: '8c204854d3f0be198d58969df1f6030e') in 0.039700 seconds 
  Import took 0.055342 seconds .

========================================================================
Received Import Request.
  Time since last request: 55.005445 seconds.
  path: Assets/Scenes/Fuerzas_Ex.unity
  artifactKey: Guid(30ded5ad2adf9a044bc4fa35d3a811cd) Importer(815301076,1909f56bfc062723c751e8b465ee728b)
Start importing Assets/Scenes/Fuerzas_Ex.unity using Guid(30ded5ad2adf9a044bc4fa35d3a811cd) Importer(815301076,1909f56bfc062723c751e8b465ee728b)  -> (artifact id: 'd004ed904f8ac3ed8e8ad30c03409e08') in 0.002768 seconds 
  Import took 0.005308 seconds .

========================================================================
Received Import Request.
  Time since last request: 17.971909 seconds.
  path: Assets/Materials/NewColorPLane.mat
  artifactKey: Guid(b26bac5664a59154a8c2296764aed3c8) Importer(815301076,1909f56bfc062723c751e8b465ee728b)
Start importing Assets/Materials/NewColorPLane.mat using Guid(b26bac5664a59154a8c2296764aed3c8) Importer(815301076,1909f56bfc062723c751e8b465ee728b)  -> (artifact id: '4b3e37c2e779b566f1cc3e3bc2ed7f8e') in 0.012298 seconds 
  Import took 0.014799 seconds .

========================================================================
Received Import Request.
  Time since last request: 51.145887 seconds.
  path: Assets/Prefabs/Plane.prefab
  artifactKey: Guid(f5344e8853e980d4aafdf5da9a91331f) Importer(815301076,1909f56bfc062723c751e8b465ee728b)
Start importing Assets/Prefabs/Plane.prefab using Guid(f5344e8853e980d4aafdf5da9a91331f) Importer(815301076,1909f56bfc062723c751e8b465ee728b)  -> (artifact id: 'b5dfde502d67c08b3ac08d2892b486ce') in 0.009967 seconds 
  Import took 0.131253 seconds .

========================================================================
Received Prepare
Registering precompiled user dll's ...
Registered in 0.002843 seconds.
Begin MonoManager ReloadAssembly
Native extension for WindowsStandalone target not found
Native extension for WebGL target not found
Refreshing native plugins compatible for Editor in 0.28 ms, found 2 plugins.
Preloading 0 native plugins for Editor in 0.00 ms.
Mono: successfully reloaded assembly
- Completed reload, in  0.904 seconds
Platform modules already initialized, skipping
Refreshing native plugins compatible for Editor in 0.27 ms, found 2 plugins.
Preloading 0 native plugins for Editor in 0.00 ms.
Unloading 1395 Unused Serialized files (Serialized files now loaded: 0)
System memory in use before: 68.3 MB.
System memory in use after: 68.4 MB.

Unloading 14 unused Assets to reduce memory usage. Loaded Objects now: 1881.
Total: 2.704200 ms (FindLiveObjects: 0.207400 ms CreateObjectMapping: 0.045000 ms MarkObjects: 2.395300 ms  DeleteObjects: 0.055000 ms)

AssetImportParameters requested are different than current active one (requested -> active):
  custom:framework-win-MediaFoundation: 216162199b28c13a410421893ffa2e32 -> 
  custom:video-decoder-ogg-theora: a1e56fd34408186e4bbccfd4996cb3dc -> 
  custom:container-muxer-webm: aa71ff27fc2769a1b78a27578f13a17b -> 
  custom:container-demuxer-webm: 4f35f7cbe854078d1ac9338744f61a02 -> 
  custom:container-demuxer-ogg: 62fdf1f143b41e24485cea50d1cbac27 -> 
  custom:video-encoder-webm-vp8: eb34c28f22e8b96e1ab97ce403110664 -> 
  custom:video-codec-MediaFoundation-h265: 746d11721c4dcdbdad8f713fa42b33f4 -> 
  custom:video-decoder-webm-vp8: 9c59270c3fd7afecdb556c50c9e8de78 -> 
  custom:audio-decoder-ogg-vorbis: bf7c407c2cedff20999df2af8eb42d56 -> 
  custom:audio-encoder-webm-vorbis: bf7c407c2cedff20999df2af8eb42d56 -> 
========================================================================
Received Prepare
Registering precompiled user dll's ...
Registered in 0.002731 seconds.
Begin MonoManager ReloadAssembly
Native extension for WindowsStandalone target not found
Native extension for WebGL target not found
Refreshing native plugins compatible for Editor in 0.28 ms, found 2 plugins.
Preloading 0 native plugins for Editor in 0.00 ms.
Mono: successfully reloaded assembly
- Completed reload, in  0.929 seconds
Platform modules already initialized, skipping
Refreshing native plugins compatible for Editor in 0.30 ms, found 2 plugins.
Preloading 0 native plugins for Editor in 0.00 ms.
Unloading 1395 Unused Serialized files (Serialized files now loaded: 0)
System memory in use before: 68.4 MB.
System memory in use after: 68.4 MB.

Unloading 14 unused Assets to reduce memory usage. Loaded Objects now: 1884.
Total: 2.106800 ms (FindLiveObjects: 0.141900 ms CreateObjectMapping: 0.036200 ms MarkObjects: 1.880300 ms  DeleteObjects: 0.047400 ms)

AssetImportParameters requested are different than current active one (requested -> active):
  custom:framework-win-MediaFoundation: 216162199b28c13a410421893ffa2e32 -> 
  custom:video-decoder-ogg-theora: a1e56fd34408186e4bbccfd4996cb3dc -> 
  custom:container-muxer-webm: aa71ff27fc2769a1b78a27578f13a17b -> 
  custom:container-demuxer-webm: 4f35f7cbe854078d1ac9338744f61a02 -> 
  custom:container-demuxer-ogg: 62fdf1f143b41e24485cea50d1cbac27 -> 
  custom:video-encoder-webm-vp8: eb34c28f22e8b96e1ab97ce403110664 -> 
  custom:video-codec-MediaFoundation-h265: 746d11721c4dcdbdad8f713fa42b33f4 -> 
  custom:video-decoder-webm-vp8: 9c59270c3fd7afecdb556c50c9e8de78 -> 
  custom:audio-decoder-ogg-vorbis: bf7c407c2cedff20999df2af8eb42d56 -> 
  custom:audio-encoder-webm-vorbis: bf7c407c2cedff20999df2af8eb42d56 -> 
AssetImportWorkerClient::OnTransportError - code=2 error=End of file
